#
# A fatal error has been detected by the Java Runtime Environment:
#
#  EXCEPTION_ACCESS_VIOLATION (0xc0000005) at pc=0x0500915f, pid=6100, tid=3924
#
# JRE version: Java(TM) SE Runtime Environment (7.0_65-b20) (build 1.7.0_65-b20)
# Java VM: Java HotSpot(TM) Client VM (24.65-b04 mixed mode, sharing windows-x86 )
# Problematic frame:
# C  [ig4icd32.dll+0x44915f]
#
# Failed to write core dump. Minidumps are not enabled by default on client versions of Windows
#
# If you would like to submit a bug report, please visit:
#   http://bugreport.sun.com/bugreport/crash.jsp
# The crash happened outside the Java Virtual Machine in native code.
# See problematic frame for where to report the bug.
#

---------------  T H R E A D  ---------------

Current thread (0x0111c400):  JavaThread "main" [_thread_in_native, id=3924, stack(0x01980000,0x019d0000)]

siginfo: ExceptionCode=0xc0000005, writing address 0x00000000

Registers:
EAX=0x00000000, EBX=0x00000000, ECX=0x0007000c, EDX=0x00000008
ESP=0x019ce510, EBP=0x019ce558, ESI=0x0000000c, EDI=0x00000007
EIP=0x0500915f, EFLAGS=0x00210206

Top of Stack: (sp=0x019ce510)
0x019ce510:   001672e0 0507a27a 00000007 0111c400
0x019ce520:   019ce54c 10009a69 00000007 01f5c96f
0x019ce530:   0111c530 019ce54c 00000007 050f7e70
0x019ce540:   00000000 00000004 2de20358 2de20358
0x019ce550:   00000025 27d4430e 019cf064 02117dec
0x019ce560:   050f7e70 00000000 00000000 00000001
0x019ce570:   05594450 000000a0 3bc0c2a0 00000000
0x019ce580:   00000000 000c0000 7ed23240 0000001e 

Instructions: (pc=0x0500915f)
0x0500913f:   c0 74 06 c7 00 ff ff ff ff 8b 81 b8 02 00 00 56
0x0500914f:   50 e8 ab e3 05 00 8b 4c 24 0c c1 e1 10 0b ce 5f
0x0500915f:   89 08 5e c2 04 00 cc cc cc cc cc cc cc cc cc cc
0x0500916f:   cc 56 8b f1 80 be e8 0f 00 00 00 57 8b fa 74 05 


Register to memory mapping:

EAX=0x00000000 is an unknown value
EBX=0x00000000 is an unknown value
ECX=0x0007000c is an unknown value
EDX=0x00000008 is an unknown value
ESP=0x019ce510 is pointing into the stack for thread: 0x0111c400
EBP=0x019ce558 is pointing into the stack for thread: 0x0111c400
ESI=0x0000000c is an unknown value
EDI=0x00000007 is an unknown value


Stack: [0x01980000,0x019d0000],  sp=0x019ce510,  free space=313k
Native frames: (J=compiled Java code, j=interpreted, Vv=VM code, C=native code)
C  [ig4icd32.dll+0x44915f]
J 2521 C1 de.matthiasmann.twl.renderer.lwjgl.BitmapFont.cacheText(Lde/matthiasmann/twl/renderer/lwjgl/LWJGLFontCache;Ljava/lang/CharSequence;II)Lde/matthiasmann/twl/renderer/FontCache; (77 bytes) @ 0x02117dec [0x02117bd0+0x21c]
J 2469 C1 de.matthiasmann.twl.renderer.lwjgl.LWJGLFont.cacheText(Lde/matthiasmann/twl/renderer/FontCache;Ljava/lang/CharSequence;II)Lde/matthiasmann/twl/renderer/FontCache; (39 bytes) @ 0x021077b0 [0x02107620+0x190]
J 2725 C1 com.pokeemu.client.oooO.OOoOOOOOOOOOOOOOOOOOOOOOOOOOOOOOOOOOOOOOOOOOOOOOOOOOOOOOOOOOOOOOOOOOOOOOOOOOOOOOOOOOOOOOOOOOOOOOOOOOOOOOOOOOOOOOOOOOOOOOOOOOOOOOOOOOOOOOOOOOOOOOOOOOOOOOOOOOOOOOOOOOOOOOOOOOOOOOOOOOOOOOOOOOOOOOOOOOOOOOOOOOOOOOOOOOOOOOOOOOOOOOOOOOOOOOOOOOOOOOOOOOOOOOOOOOOOOO.ooOO$o0o.<init>(Lde/matthiasmann/twl/textarea/TextAreaModel$Element;Lcom/pokeemu/client/oooO/OOoOOOOOOOOOOOOOOOOOOOOOOOOOOOOOOOOOOOOOOOOOOOOOOOOOOOOOOOOOOOOOOOOOOOOOOOOOOOOOOOOOOOOOOOOOOOOOOOOOOOOOOOOOOOOOOOOOOOOOOOOOOOOOOOOOOOOOOOOOOOOOOOOOOOOOOOOOOOOOOOOOOOOOOOOOOOOOOOOOOOOOOOOOOOOOOOOOOOOOOOOOOOOOOOOOOOOOOOOOOOOOOOOOOOOOOOOOOOOOOOOOOOOOOOOOOOOO/ooOO$Oo;Ljava/lang/String;IIZ)V (110 bytes) @ 0x0218c604 [0x0218c570+0x94]
J 2587 C1 com.pokeemu.client.oooO.OOoOOOOOOOOOOOOOOOOOOOOOOOOOOOOOOOOOOOOOOOOOOOOOOOOOOOOOOOOOOOOOOOOOOOOOOOOOOOOOOOOOOOOOOOOOOOOOOOOOOOOOOOOOOOOOOOOOOOOOOOOOOOOOOOOOOOOOOOOOOOOOOOOOOOOOOOOOOOOOOOOOOOOOOOOOOOOOOOOOOOOOOOOOOOOOOOOOOOOOOOOOOOOOOOOOOOOOOOOOOOOOOOOOOOOOOOOOOOOOOOOOOOOOOOOOOOOO.ooOO.new(Lcom/pokeemu/client/oooO/OOoOOOOOOOOOOOOOOOOOOOOOOOOOOOOOOOOOOOOOOOOOOOOOOOOOOOOOOOOOOOOOOOOOOOOOOOOOOOOOOOOOOOOOOOOOOOOOOOOOOOOOOOOOOOOOOOOOOOOOOOOOOOOOOOOOOOOOOOOOOOOOOOOOOOOOOOOOOOOOOOOOOOOOOOOOOOOOOOOOOOOOOOOOOOOOOOOOOOOOOOOOOOOOOOOOOOOOOOOOOOOOOOOOOOOOOOOOOOOOOOOOOOOOOOOOOOOO/ooOO$Ooo;Lde/matthiasmann/twl/textarea/TextAreaModel$TextElement;Lcom/pokeemu/client/oooO/OOoOOOOOOOOOOOOOOOOOOOOOOOOOOOOOOOOOOOOOOOOOOOOOOOOOOOOOOOOOOOOOOOOOOOOOOOOOOOOOOOOOOOOOOOOOOOOOOOOOOOOOOOOOOOOOOOOOOOOOOOOOOOOOOOOOOOOOOOOOOOOOOOOOOOOOOOOOOOOOOOOOOOOOOOOOOOOOOOOOOOOOOOOOOOOOOOOOOOOOOOOOOOOOOOOOOOOOOOOOOOOOOOOOOOOOOOOOOOOOOOOOOOOOOOOOOOOO/ooOO$Oo;Ljava/lang/String;IIZLcom/pokeemu/client/oooO/OOoOOOOOOOOOOOOOOOOOOOOOOOOOOOOOOOOOOOOOOOOOOOOOOOOOOOOOOOOOOOOOOOOOOOOOOOOOOOOOOOOOOOOOOOOOOOOOOOOOOOOOOOOOOOOOOOOOOOOOOOOOOOOOOOOOOOOOOOOOOOOOOOOOOOOOOOOOOOOOOOOOOOOOOOOOOOOOOOOOOOOOOOOOOOOOOOOOOOOOOOOOOOOOOOOOOOOOOOOOOOOOOOOOOOOOOOOOOOOOOOOOOOOOOOOOOOOO/ooOO$oO0;)V (666 bytes) @ 0x021415a8 [0x02140c60+0x948]
J 2340 C1 com.pokeemu.client.oooO.OOoOOOOOOOOOOOOOOOOOOOOOOOOOOOOOOOOOOOOOOOOOOOOOOOOOOOOOOOOOOOOOOOOOOOOOOOOOOOOOOOOOOOOOOOOOOOOOOOOOOOOOOOOOOOOOOOOOOOOOOOOOOOOOOOOOOOOOOOOOOOOOOOOOOOOOOOOOOOOOOOOOOOOOOOOOOOOOOOOOOOOOOOOOOOOOOOOOOOOOOOOOOOOOOOOOOOOOOOOOOOOOOOOOOOOOOOOOOOOOOOOOOOOOOOOOOOOO.ooOO.o00000(Lcom/pokeemu/client/oooO/OOoOOOOOOOOOOOOOOOOOOOOOOOOOOOOOOOOOOOOOOOOOOOOOOOOOOOOOOOOOOOOOOOOOOOOOOOOOOOOOOOOOOOOOOOOOOOOOOOOOOOOOOOOOOOOOOOOOOOOOOOOOOOOOOOOOOOOOOOOOOOOOOOOOOOOOOOOOOOOOOOOOOOOOOOOOOOOOOOOOOOOOOOOOOOOOOOOOOOOOOOOOOOOOOOOOOOOOOOOOOOOOOOOOOOOOOOOOOOOOOOOOOOOOOOOOOOOO/ooOO$Ooo;Lde/matthiasmann/twl/textarea/TextAreaModel$TextElement;)V (315 bytes) @ 0x020d621c [0x020d5cf0+0x52c]
J 2276 C1 com.pokeemu.client.oooO.OOoOOOOOOOOOOOOOOOOOOOOOOOOOOOOOOOOOOOOOOOOOOOOOOOOOOOOOOOOOOOOOOOOOOOOOOOOOOOOOOOOOOOOOOOOOOOOOOOOOOOOOOOOOOOOOOOOOOOOOOOOOOOOOOOOOOOOOOOOOOOOOOOOOOOOOOOOOOOOOOOOOOOOOOOOOOOOOOOOOOOOOOOOOOOOOOOOOOOOOOOOOOOOOOOOOOOOOOOOOOOOOOOOOOOOOOOOOOOOOOOOOOOOOOOOOOOOO.ooOO.o00000(Lcom/pokeemu/client/oooO/OOoOOOOOOOOOOOOOOOOOOOOOOOOOOOOOOOOOOOOOOOOOOOOOOOOOOOOOOOOOOOOOOOOOOOOOOOOOOOOOOOOOOOOOOOOOOOOOOOOOOOOOOOOOOOOOOOOOOOOOOOOOOOOOOOOOOOOOOOOOOOOOOOOOOOOOOOOOOOOOOOOOOOOOOOOOOOOOOOOOOOOOOOOOOOOOOOOOOOOOOOOOOOOOOOOOOOOOOOOOOOOOOOOOOOOOOOOOOOOOOOOOOOOOOOOOOOOO/ooOO$Ooo;Lde/matthiasmann/twl/textarea/TextAreaModel$Element;)V (267 bytes) @ 0x020c3d60 [0x020c3600+0x760]
J 2206 C1 com.pokeemu.client.oooO.OOoOOOOOOOOOOOOOOOOOOOOOOOOOOOOOOOOOOOOOOOOOOOOOOOOOOOOOOOOOOOOOOOOOOOOOOOOOOOOOOOOOOOOOOOOOOOOOOOOOOOOOOOOOOOOOOOOOOOOOOOOOOOOOOOOOOOOOOOOOOOOOOOOOOOOOOOOOOOOOOOOOOOOOOOOOOOOOOOOOOOOOOOOOOOOOOOOOOOOOOOOOOOOOOOOOOOOOOOOOOOOOOOOOOOOOOOOOOOOOOOOOOOOOOOOOOOOO.ooOO.o00000(Lcom/pokeemu/client/oooO/OOoOOOOOOOOOOOOOOOOOOOOOOOOOOOOOOOOOOOOOOOOOOOOOOOOOOOOOOOOOOOOOOOOOOOOOOOOOOOOOOOOOOOOOOOOOOOOOOOOOOOOOOOOOOOOOOOOOOOOOOOOOOOOOOOOOOOOOOOOOOOOOOOOOOOOOOOOOOOOOOOOOOOOOOOOOOOOOOOOOOOOOOOOOOOOOOOOOOOOOOOOOOOOOOOOOOOOOOOOOOOOOOOOOOOOOOOOOOOOOOOOOOOOOOOOOOOOO/ooOO$Ooo;Ljava/lang/Iterable;)V (38 bytes) @ 0x020a8b80 [0x020a8b00+0x80]
J 2542 C1 com.pokeemu.client.oooO.OOoOOOOOOOOOOOOOOOOOOOOOOOOOOOOOOOOOOOOOOOOOOOOOOOOOOOOOOOOOOOOOOOOOOOOOOOOOOOOOOOOOOOOOOOOOOOOOOOOOOOOOOOOOOOOOOOOOOOOOOOOOOOOOOOOOOOOOOOOOOOOOOOOOOOOOOOOOOOOOOOOOOOOOOOOOOOOOOOOOOOOOOOOOOOOOOOOOOOOOOOOOOOOOOOOOOOOOOOOOOOOOOOOOOOOOOOOOOOOOOOOOOOOOOOOOOOOO.ooOO.o00000(Lcom/pokeemu/client/oooO/OOoOOOOOOOOOOOOOOOOOOOOOOOOOOOOOOOOOOOOOOOOOOOOOOOOOOOOOOOOOOOOOOOOOOOOOOOOOOOOOOOOOOOOOOOOOOOOOOOOOOOOOOOOOOOOOOOOOOOOOOOOOOOOOOOOOOOOOOOOOOOOOOOOOOOOOOOOOOOOOOOOOOOOOOOOOOOOOOOOOOOOOOOOOOOOOOOOOOOOOOOOOOOOOOOOOOOOOOOOOOOOOOOOOOOOOOOOOOOOOOOOOOOOOOOOOOOOO/ooOO$Oo0;IIILde/matthiasmann/twl/textarea/TextAreaModel$ContainerElement;Ljava/lang/String;Z)Lcom/pokeemu/client/oooO/OOoOOOOOOOOOOOOOOOOOOOOOOOOOOOOOOOOOOOOOOOOOOOOOOOOOOOOOOOOOOOOOOOOOOOOOOOOOOOOOOOOOOOOOOOOOOOOOOOOOOOOOOOOOOOOOOOOOOOOOOOOOOOOOOOOOOOOOOOOOOOOOOOOOOOOOOOOOOOOOOOOOOOOOOOOOOOOOOOOOOOOOOOOOOOOOOOOOOOOOOOOOOOOOOOOOOOOOOOOOOOOOOOOOOOOOOOOOOOOOOOOOOOOOOOOOOOOO/ooOO$Ooo; (236 bytes) @ 0x02126748 [0x021265a0+0x1a8]
J 2538 C1 com.pokeemu.client.oooO.OOoOOOOOOOOOOOOOOOOOOOOOOOOOOOOOOOOOOOOOOOOOOOOOOOOOOOOOOOOOOOOOOOOOOOOOOOOOOOOOOOOOOOOOOOOOOOOOOOOOOOOOOOOOOOOOOOOOOOOOOOOOOOOOOOOOOOOOOOOOOOOOOOOOOOOOOOOOOOOOOOOOOOOOOOOOOOOOOOOOOOOOOOOOOOOOOOOOOOOOOOOOOOOOOOOOOOOOOOOOOOOOOOOOOOOOOOOOOOOOOOOOOOOOOOOOOOOO.ooOO.new(Lcom/pokeemu/client/oooO/OOoOOOOOOOOOOOOOOOOOOOOOOOOOOOOOOOOOOOOOOOOOOOOOOOOOOOOOOOOOOOOOOOOOOOOOOOOOOOOOOOOOOOOOOOOOOOOOOOOOOOOOOOOOOOOOOOOOOOOOOOOOOOOOOOOOOOOOOOOOOOOOOOOOOOOOOOOOOOOOOOOOOOOOOOOOOOOOOOOOOOOOOOOOOOOOOOOOOOOOOOOOOOOOOOOOOOOOOOOOOOOOOOOOOOOOOOOOOOOOOOOOOOOOOOOOOOOO/ooOO$Ooo;Lde/matthiasmann/twl/textarea/TextAreaModel$ContainerElement;)V (576 bytes) @ 0x021230c4 [0x021229e0+0x6e4]
J 2276 C1 com.pokeemu.client.oooO.OOoOOOOOOOOOOOOOOOOOOOOOOOOOOOOOOOOOOOOOOOOOOOOOOOOOOOOOOOOOOOOOOOOOOOOOOOOOOOOOOOOOOOOOOOOOOOOOOOOOOOOOOOOOOOOOOOOOOOOOOOOOOOOOOOOOOOOOOOOOOOOOOOOOOOOOOOOOOOOOOOOOOOOOOOOOOOOOOOOOOOOOOOOOOOOOOOOOOOOOOOOOOOOOOOOOOOOOOOOOOOOOOOOOOOOOOOOOOOOOOOOOOOOOOOOOOOOO.ooOO.o00000(Lcom/pokeemu/client/oooO/OOoOOOOOOOOOOOOOOOOOOOOOOOOOOOOOOOOOOOOOOOOOOOOOOOOOOOOOOOOOOOOOOOOOOOOOOOOOOOOOOOOOOOOOOOOOOOOOOOOOOOOOOOOOOOOOOOOOOOOOOOOOOOOOOOOOOOOOOOOOOOOOOOOOOOOOOOOOOOOOOOOOOOOOOOOOOOOOOOOOOOOOOOOOOOOOOOOOOOOOOOOOOOOOOOOOOOOOOOOOOOOOOOOOOOOOOOOOOOOOOOOOOOOOOOOOOOOO/ooOO$Ooo;Lde/matthiasmann/twl/textarea/TextAreaModel$Element;)V (267 bytes) @ 0x020c3bc4 [0x020c3600+0x5c4]
J 2206 C1 com.pokeemu.client.oooO.OOoOOOOOOOOOOOOOOOOOOOOOOOOOOOOOOOOOOOOOOOOOOOOOOOOOOOOOOOOOOOOOOOOOOOOOOOOOOOOOOOOOOOOOOOOOOOOOOOOOOOOOOOOOOOOOOOOOOOOOOOOOOOOOOOOOOOOOOOOOOOOOOOOOOOOOOOOOOOOOOOOOOOOOOOOOOOOOOOOOOOOOOOOOOOOOOOOOOOOOOOOOOOOOOOOOOOOOOOOOOOOOOOOOOOOOOOOOOOOOOOOOOOOOOOOOOOOO.ooOO.o00000(Lcom/pokeemu/client/oooO/OOoOOOOOOOOOOOOOOOOOOOOOOOOOOOOOOOOOOOOOOOOOOOOOOOOOOOOOOOOOOOOOOOOOOOOOOOOOOOOOOOOOOOOOOOOOOOOOOOOOOOOOOOOOOOOOOOOOOOOOOOOOOOOOOOOOOOOOOOOOOOOOOOOOOOOOOOOOOOOOOOOOOOOOOOOOOOOOOOOOOOOOOOOOOOOOOOOOOOOOOOOOOOOOOOOOOOOOOOOOOOOOOOOOOOOOOOOOOOOOOOOOOOOOOOOOOOOO/ooOO$Ooo;Ljava/lang/Iterable;)V (38 bytes) @ 0x020a8b80 [0x020a8b00+0x80]
J 2542 C1 com.pokeemu.client.oooO.OOoOOOOOOOOOOOOOOOOOOOOOOOOOOOOOOOOOOOOOOOOOOOOOOOOOOOOOOOOOOOOOOOOOOOOOOOOOOOOOOOOOOOOOOOOOOOOOOOOOOOOOOOOOOOOOOOOOOOOOOOOOOOOOOOOOOOOOOOOOOOOOOOOOOOOOOOOOOOOOOOOOOOOOOOOOOOOOOOOOOOOOOOOOOOOOOOOOOOOOOOOOOOOOOOOOOOOOOOOOOOOOOOOOOOOOOOOOOOOOOOOOOOOOOOOOOOOO.ooOO.o00000(Lcom/pokeemu/client/oooO/OOoOOOOOOOOOOOOOOOOOOOOOOOOOOOOOOOOOOOOOOOOOOOOOOOOOOOOOOOOOOOOOOOOOOOOOOOOOOOOOOOOOOOOOOOOOOOOOOOOOOOOOOOOOOOOOOOOOOOOOOOOOOOOOOOOOOOOOOOOOOOOOOOOOOOOOOOOOOOOOOOOOOOOOOOOOOOOOOOOOOOOOOOOOOOOOOOOOOOOOOOOOOOOOOOOOOOOOOOOOOOOOOOOOOOOOOOOOOOOOOOOOOOOOOOOOOOOO/ooOO$Oo0;IIILde/matthiasmann/twl/textarea/TextAreaModel$ContainerElement;Ljava/lang/String;Z)Lcom/pokeemu/client/oooO/OOoOOOOOOOOOOOOOOOOOOOOOOOOOOOOOOOOOOOOOOOOOOOOOOOOOOOOOOOOOOOOOOOOOOOOOOOOOOOOOOOOOOOOOOOOOOOOOOOOOOOOOOOOOOOOOOOOOOOOOOOOOOOOOOOOOOOOOOOOOOOOOOOOOOOOOOOOOOOOOOOOOOOOOOOOOOOOOOOOOOOOOOOOOOOOOOOOOOOOOOOOOOOOOOOOOOOOOOOOOOOOOOOOOOOOOOOOOOOOOOOOOOOOOOOOOOOOO/ooOO$Ooo; (236 bytes) @ 0x02126748 [0x021265a0+0x1a8]
J 2538 C1 com.pokeemu.client.oooO.OOoOOOOOOOOOOOOOOOOOOOOOOOOOOOOOOOOOOOOOOOOOOOOOOOOOOOOOOOOOOOOOOOOOOOOOOOOOOOOOOOOOOOOOOOOOOOOOOOOOOOOOOOOOOOOOOOOOOOOOOOOOOOOOOOOOOOOOOOOOOOOOOOOOOOOOOOOOOOOOOOOOOOOOOOOOOOOOOOOOOOOOOOOOOOOOOOOOOOOOOOOOOOOOOOOOOOOOOOOOOOOOOOOOOOOOOOOOOOOOOOOOOOOOOOOOOOOO.ooOO.new(Lcom/pokeemu/client/oooO/OOoOOOOOOOOOOOOOOOOOOOOOOOOOOOOOOOOOOOOOOOOOOOOOOOOOOOOOOOOOOOOOOOOOOOOOOOOOOOOOOOOOOOOOOOOOOOOOOOOOOOOOOOOOOOOOOOOOOOOOOOOOOOOOOOOOOOOOOOOOOOOOOOOOOOOOOOOOOOOOOOOOOOOOOOOOOOOOOOOOOOOOOOOOOOOOOOOOOOOOOOOOOOOOOOOOOOOOOOOOOOOOOOOOOOOOOOOOOOOOOOOOOOOOOOOOOOOO/ooOO$Ooo;Lde/matthiasmann/twl/textarea/TextAreaModel$ContainerElement;)V (576 bytes) @ 0x021230c4 [0x021229e0+0x6e4]
J 2276 C1 com.pokeemu.client.oooO.OOoOOOOOOOOOOOOOOOOOOOOOOOOOOOOOOOOOOOOOOOOOOOOOOOOOOOOOOOOOOOOOOOOOOOOOOOOOOOOOOOOOOOOOOOOOOOOOOOOOOOOOOOOOOOOOOOOOOOOOOOOOOOOOOOOOOOOOOOOOOOOOOOOOOOOOOOOOOOOOOOOOOOOOOOOOOOOOOOOOOOOOOOOOOOOOOOOOOOOOOOOOOOOOOOOOOOOOOOOOOOOOOOOOOOOOOOOOOOOOOOOOOOOOOOOOOOOO.ooOO.o00000(Lcom/pokeemu/client/oooO/OOoOOOOOOOOOOOOOOOOOOOOOOOOOOOOOOOOOOOOOOOOOOOOOOOOOOOOOOOOOOOOOOOOOOOOOOOOOOOOOOOOOOOOOOOOOOOOOOOOOOOOOOOOOOOOOOOOOOOOOOOOOOOOOOOOOOOOOOOOOOOOOOOOOOOOOOOOOOOOOOOOOOOOOOOOOOOOOOOOOOOOOOOOOOOOOOOOOOOOOOOOOOOOOOOOOOOOOOOOOOOOOOOOOOOOOOOOOOOOOOOOOOOOOOOOOOOOO/ooOO$Ooo;Lde/matthiasmann/twl/textarea/TextAreaModel$Element;)V (267 bytes) @ 0x020c3bc4 [0x020c3600+0x5c4]
J 2206 C1 com.pokeemu.client.oooO.OOoOOOOOOOOOOOOOOOOOOOOOOOOOOOOOOOOOOOOOOOOOOOOOOOOOOOOOOOOOOOOOOOOOOOOOOOOOOOOOOOOOOOOOOOOOOOOOOOOOOOOOOOOOOOOOOOOOOOOOOOOOOOOOOOOOOOOOOOOOOOOOOOOOOOOOOOOOOOOOOOOOOOOOOOOOOOOOOOOOOOOOOOOOOOOOOOOOOOOOOOOOOOOOOOOOOOOOOOOOOOOOOOOOOOOOOOOOOOOOOOOOOOOOOOOOOOOO.ooOO.o00000(Lcom/pokeemu/client/oooO/OOoOOOOOOOOOOOOOOOOOOOOOOOOOOOOOOOOOOOOOOOOOOOOOOOOOOOOOOOOOOOOOOOOOOOOOOOOOOOOOOOOOOOOOOOOOOOOOOOOOOOOOOOOOOOOOOOOOOOOOOOOOOOOOOOOOOOOOOOOOOOOOOOOOOOOOOOOOOOOOOOOOOOOOOOOOOOOOOOOOOOOOOOOOOOOOOOOOOOOOOOOOOOOOOOOOOOOOOOOOOOOOOOOOOOOOOOOOOOOOOOOOOOOOOOOOOOOO/ooOO$Ooo;Ljava/lang/Iterable;)V (38 bytes) @ 0x020a8b80 [0x020a8b00+0x80]
J 2632 C1 com.pokeemu.client.oooO.OOoOOOOOOOOOOOOOOOOOOOOOOOOOOOOOOOOOOOOOOOOOOOOOOOOOOOOOOOOOOOOOOOOOOOOOOOOOOOOOOOOOOOOOOOOOOOOOOOOOOOOOOOOOOOOOOOOOOOOOOOOOOOOOOOOOOOOOOOOOOOOOOOOOOOOOOOOOOOOOOOOOOOOOOOOOOOOOOOOOOOOOOOOOOOOOOOOOOOOOOOOOOOOOOOOOOOOOOOOOOOOOOOOOOOOOOOOOOOOOOOOOOOOOOOOOOOOO.ooOO.layout()V (286 bytes) @ 0x02157994 [0x021576d0+0x2c4]
J 1800 C1 de.matthiasmann.twl.Widget.validateLayout()V (59 bytes) @ 0x01fed250 [0x01fed210+0x40]
j  com.pokeemu.client.oooO.OOoOOOOOOOOOOOOOOOOOOOOOOOOOOOOOOOOOOOOOOOOOOOOOOOOOOOOOOOOOOOOOOOOOOOOOOOOOOOOOOOOOOOOOOOOOOOOOOOOOOOOOOOOOOOOOOOOOOOOOOOOOOOOOOOOOOOOOOOOOOOOOOOOOOOOOOOOOOOOOOOOOOOOOOOOOOOOOOOOOOOOOOOOOOOOOOOOOOOOOOOOOOOOOOOOOOOOOOOOOOOOOOOOOOOOOOOOOOOOOOOOOOOOOOOOOOOOO.ooOO.getPreferredInnerHeight()I+37
J 2213 C1 de.matthiasmann.twl.Widget.getPreferredHeight()I (44 bytes) @ 0x020abb5c [0x020abb20+0x3c]
j  de.matthiasmann.twl.ScrollPane.getPreferredInnerHeight()I+48
J 2213 C1 de.matthiasmann.twl.Widget.getPreferredHeight()I (44 bytes) @ 0x020abb5c [0x020abb20+0x3c]
J 2720 C1 de.matthiasmann.twl.DialogLayout$WidgetSpring.prepare()V (138 bytes) @ 0x0218a20c [0x0218a120+0xec]
J 2581 C1 de.matthiasmann.twl.DialogLayout.prepare()V (122 bytes) @ 0x021345fc [0x021343f0+0x20c]
j  de.matthiasmann.twl.DialogLayout.getMinWidth()I+8
j  de.matthiasmann.twl.ResizableFrame.getMinWidth()I+36
j  de.matthiasmann.twl.ResizableFrame.layout()V+1
J 1800 C1 de.matthiasmann.twl.Widget.validateLayout()V (59 bytes) @ 0x01fed250 [0x01fed210+0x40]
J 1800 C1 de.matthiasmann.twl.Widget.validateLayout()V (59 bytes) @ 0x01fed2c4 [0x01fed210+0xb4]
J 1800 C1 de.matthiasmann.twl.Widget.validateLayout()V (59 bytes) @ 0x01fed2c4 [0x01fed210+0xb4]
J 1800 C1 de.matthiasmann.twl.Widget.validateLayout()V (59 bytes) @ 0x01fed2c4 [0x01fed210+0xb4]
J 1808 C1 de.matthiasmann.twl.GUI.validateLayout()V (73 bytes) @ 0x01ff235c [0x01ff2300+0x5c]
J 1881 C1 de.matthiasmann.twl.GUI.update()V (41 bytes) @ 0x02025df0 [0x02025c60+0x190]
J 2709% C1 com.pokeemu.client.oooO.OoOOOOOOOOOOOOOOOOOOOOOOOOOOOOOOOOOOOOOOOOOOOOOOOOOOOOOOOOOOOOOOOOOOOOOOOOOOOOOOOOOOOOOOOOOOOOOOOOOOOOOOOOOOOOOOOOOOOOOOOOOOOOOOOOOOOOOOOOOOOOOOOOOOOOOOOOOOOOOOOOOOOOOOOOOOOOOOOOOOOOOOOOOOOOOOOOOOOOOOOOOOOOOOOOOOOOOOOOOOOOOOOOOOOOOOOOOOOOOOOOOOOOOOOOOOOOOO.ÒO0000()V (677 bytes) @ 0x0217b688 [0x0217a100+0x1588]
j  com.pokeemu.client.oooO.OoOOOOOOOOOOOOOOOOOOOOOOOOOOOOOOOOOOOOOOOOOOOOOOOOOOOOOOOOOOOOOOOOOOOOOOOOOOOOOOOOOOOOOOOOOOOOOOOOOOOOOOOOOOOOOOOOOOOOOOOOOOOOOOOOOOOOOOOOOOOOOOOOOOOOOOOOOOOOOOOOOOOOOOOOOOOOOOOOOOOOOOOOOOOOOOOOOOOOOOOOOOOOOOOOOOOOOOOOOOOOOOOOOOOOOOOOOOOOOOOOOOOOOOOOOOOOOO.int.super()V+5
j  com.pokeemu.client.Client.<init>()V+1091
j  com.pokeemu.client.Client.main([Ljava/lang/String;)V+439
v  ~StubRoutines::call_stub
V  [jvm.dll+0x1410fa]
V  [jvm.dll+0x20567e]
V  [jvm.dll+0x14117d]
V  [jvm.dll+0xca7f5]
V  [jvm.dll+0xd5497]
C  [javaw.exe+0x2070]
C  [javaw.exe+0xa601]
C  [javaw.exe+0xa68b]
C  [kernel32.dll+0x4ed5c]
C  [ntdll.dll+0x637eb]
C  [ntdll.dll+0x637be]

Java frames: (J=compiled Java code, j=interpreted, Vv=VM code)
J 1466  org.lwjgl.opengl.GL11.nglBegin(IJ)V (0 bytes) @ 0x01f5c92b [0x01f5c8e0+0x4b]
J 2521 C1 de.matthiasmann.twl.renderer.lwjgl.BitmapFont.cacheText(Lde/matthiasmann/twl/renderer/lwjgl/LWJGLFontCache;Ljava/lang/CharSequence;II)Lde/matthiasmann/twl/renderer/FontCache; (77 bytes) @ 0x02117dec [0x02117bd0+0x21c]
J 2469 C1 de.matthiasmann.twl.renderer.lwjgl.LWJGLFont.cacheText(Lde/matthiasmann/twl/renderer/FontCache;Ljava/lang/CharSequence;II)Lde/matthiasmann/twl/renderer/FontCache; (39 bytes) @ 0x021077b0 [0x02107620+0x190]
J 2725 C1 com.pokeemu.client.oooO.OOoOOOOOOOOOOOOOOOOOOOOOOOOOOOOOOOOOOOOOOOOOOOOOOOOOOOOOOOOOOOOOOOOOOOOOOOOOOOOOOOOOOOOOOOOOOOOOOOOOOOOOOOOOOOOOOOOOOOOOOOOOOOOOOOOOOOOOOOOOOOOOOOOOOOOOOOOOOOOOOOOOOOOOOOOOOOOOOOOOOOOOOOOOOOOOOOOOOOOOOOOOOOOOOOOOOOOOOOOOOOOOOOOOOOOOOOOOOOOOOOOOOOOOOOOOOOOO.ooOO$o0o.<init>(Lde/matthiasmann/twl/textarea/TextAreaModel$Element;Lcom/pokeemu/client/oooO/OOoOOOOOOOOOOOOOOOOOOOOOOOOOOOOOOOOOOOOOOOOOOOOOOOOOOOOOOOOOOOOOOOOOOOOOOOOOOOOOOOOOOOOOOOOOOOOOOOOOOOOOOOOOOOOOOOOOOOOOOOOOOOOOOOOOOOOOOOOOOOOOOOOOOOOOOOOOOOOOOOOOOOOOOOOOOOOOOOOOOOOOOOOOOOOOOOOOOOOOOOOOOOOOOOOOOOOOOOOOOOOOOOOOOOOOOOOOOOOOOOOOOOOOOOOOOOOO/ooOO$Oo;Ljava/lang/String;IIZ)V (110 bytes) @ 0x0218c604 [0x0218c570+0x94]
J 2587 C1 com.pokeemu.client.oooO.OOoOOOOOOOOOOOOOOOOOOOOOOOOOOOOOOOOOOOOOOOOOOOOOOOOOOOOOOOOOOOOOOOOOOOOOOOOOOOOOOOOOOOOOOOOOOOOOOOOOOOOOOOOOOOOOOOOOOOOOOOOOOOOOOOOOOOOOOOOOOOOOOOOOOOOOOOOOOOOOOOOOOOOOOOOOOOOOOOOOOOOOOOOOOOOOOOOOOOOOOOOOOOOOOOOOOOOOOOOOOOOOOOOOOOOOOOOOOOOOOOOOOOOOOOOOOOOO.ooOO.new(Lcom/pokeemu/client/oooO/OOoOOOOOOOOOOOOOOOOOOOOOOOOOOOOOOOOOOOOOOOOOOOOOOOOOOOOOOOOOOOOOOOOOOOOOOOOOOOOOOOOOOOOOOOOOOOOOOOOOOOOOOOOOOOOOOOOOOOOOOOOOOOOOOOOOOOOOOOOOOOOOOOOOOOOOOOOOOOOOOOOOOOOOOOOOOOOOOOOOOOOOOOOOOOOOOOOOOOOOOOOOOOOOOOOOOOOOOOOOOOOOOOOOOOOOOOOOOOOOOOOOOOOOOOOOOOOO/ooOO$Ooo;Lde/matthiasmann/twl/textarea/TextAreaModel$TextElement;Lcom/pokeemu/client/oooO/OOoOOOOOOOOOOOOOOOOOOOOOOOOOOOOOOOOOOOOOOOOOOOOOOOOOOOOOOOOOOOOOOOOOOOOOOOOOOOOOOOOOOOOOOOOOOOOOOOOOOOOOOOOOOOOOOOOOOOOOOOOOOOOOOOOOOOOOOOOOOOOOOOOOOOOOOOOOOOOOOOOOOOOOOOOOOOOOOOOOOOOOOOOOOOOOOOOOOOOOOOOOOOOOOOOOOOOOOOOOOOOOOOOOOOOOOOOOOOOOOOOOOOOOOOOOOOOO/ooOO$Oo;Ljava/lang/String;IIZLcom/pokeemu/client/oooO/OOoOOOOOOOOOOOOOOOOOOOOOOOOOOOOOOOOOOOOOOOOOOOOOOOOOOOOOOOOOOOOOOOOOOOOOOOOOOOOOOOOOOOOOOOOOOOOOOOOOOOOOOOOOOOOOOOOOOOOOOOOOOOOOOOOOOOOOOOOOOOOOOOOOOOOOOOOOOOOOOOOOOOOOOOOOOOOOOOOOOOOOOOOOOOOOOOOOOOOOOOOOOOOOOOOOOOOOOOOOOOOOOOOOOOOOOOOOOOOOOOOOOOOOOOOOOOOO/ooOO$oO0;)V (666 bytes) @ 0x021415a8 [0x02140c60+0x948]
J 2340 C1 com.pokeemu.client.oooO.OOoOOOOOOOOOOOOOOOOOOOOOOOOOOOOOOOOOOOOOOOOOOOOOOOOOOOOOOOOOOOOOOOOOOOOOOOOOOOOOOOOOOOOOOOOOOOOOOOOOOOOOOOOOOOOOOOOOOOOOOOOOOOOOOOOOOOOOOOOOOOOOOOOOOOOOOOOOOOOOOOOOOOOOOOOOOOOOOOOOOOOOOOOOOOOOOOOOOOOOOOOOOOOOOOOOOOOOOOOOOOOOOOOOOOOOOOOOOOOOOOOOOOOOOOOOOOOO.ooOO.o00000(Lcom/pokeemu/client/oooO/OOoOOOOOOOOOOOOOOOOOOOOOOOOOOOOOOOOOOOOOOOOOOOOOOOOOOOOOOOOOOOOOOOOOOOOOOOOOOOOOOOOOOOOOOOOOOOOOOOOOOOOOOOOOOOOOOOOOOOOOOOOOOOOOOOOOOOOOOOOOOOOOOOOOOOOOOOOOOOOOOOOOOOOOOOOOOOOOOOOOOOOOOOOOOOOOOOOOOOOOOOOOOOOOOOOOOOOOOOOOOOOOOOOOOOOOOOOOOOOOOOOOOOOOOOOOOOOO/ooOO$Ooo;Lde/matthiasmann/twl/textarea/TextAreaModel$TextElement;)V (315 bytes) @ 0x020d621c [0x020d5cf0+0x52c]
J 2276 C1 com.pokeemu.client.oooO.OOoOOOOOOOOOOOOOOOOOOOOOOOOOOOOOOOOOOOOOOOOOOOOOOOOOOOOOOOOOOOOOOOOOOOOOOOOOOOOOOOOOOOOOOOOOOOOOOOOOOOOOOOOOOOOOOOOOOOOOOOOOOOOOOOOOOOOOOOOOOOOOOOOOOOOOOOOOOOOOOOOOOOOOOOOOOOOOOOOOOOOOOOOOOOOOOOOOOOOOOOOOOOOOOOOOOOOOOOOOOOOOOOOOOOOOOOOOOOOOOOOOOOOOOOOOOOOO.ooOO.o00000(Lcom/pokeemu/client/oooO/OOoOOOOOOOOOOOOOOOOOOOOOOOOOOOOOOOOOOOOOOOOOOOOOOOOOOOOOOOOOOOOOOOOOOOOOOOOOOOOOOOOOOOOOOOOOOOOOOOOOOOOOOOOOOOOOOOOOOOOOOOOOOOOOOOOOOOOOOOOOOOOOOOOOOOOOOOOOOOOOOOOOOOOOOOOOOOOOOOOOOOOOOOOOOOOOOOOOOOOOOOOOOOOOOOOOOOOOOOOOOOOOOOOOOOOOOOOOOOOOOOOOOOOOOOOOOOOO/ooOO$Ooo;Lde/matthiasmann/twl/textarea/TextAreaModel$Element;)V (267 bytes) @ 0x020c3d60 [0x020c3600+0x760]
J 2206 C1 com.pokeemu.client.oooO.OOoOOOOOOOOOOOOOOOOOOOOOOOOOOOOOOOOOOOOOOOOOOOOOOOOOOOOOOOOOOOOOOOOOOOOOOOOOOOOOOOOOOOOOOOOOOOOOOOOOOOOOOOOOOOOOOOOOOOOOOOOOOOOOOOOOOOOOOOOOOOOOOOOOOOOOOOOOOOOOOOOOOOOOOOOOOOOOOOOOOOOOOOOOOOOOOOOOOOOOOOOOOOOOOOOOOOOOOOOOOOOOOOOOOOOOOOOOOOOOOOOOOOOOOOOOOOOO.ooOO.o00000(Lcom/pokeemu/client/oooO/OOoOOOOOOOOOOOOOOOOOOOOOOOOOOOOOOOOOOOOOOOOOOOOOOOOOOOOOOOOOOOOOOOOOOOOOOOOOOOOOOOOOOOOOOOOOOOOOOOOOOOOOOOOOOOOOOOOOOOOOOOOOOOOOOOOOOOOOOOOOOOOOOOOOOOOOOOOOOOOOOOOOOOOOOOOOOOOOOOOOOOOOOOOOOOOOOOOOOOOOOOOOOOOOOOOOOOOOOOOOOOOOOOOOOOOOOOOOOOOOOOOOOOOOOOOOOOOO/ooOO$Ooo;Ljava/lang/Iterable;)V (38 bytes) @ 0x020a8b80 [0x020a8b00+0x80]
J 2542 C1 com.pokeemu.client.oooO.OOoOOOOOOOOOOOOOOOOOOOOOOOOOOOOOOOOOOOOOOOOOOOOOOOOOOOOOOOOOOOOOOOOOOOOOOOOOOOOOOOOOOOOOOOOOOOOOOOOOOOOOOOOOOOOOOOOOOOOOOOOOOOOOOOOOOOOOOOOOOOOOOOOOOOOOOOOOOOOOOOOOOOOOOOOOOOOOOOOOOOOOOOOOOOOOOOOOOOOOOOOOOOOOOOOOOOOOOOOOOOOOOOOOOOOOOOOOOOOOOOOOOOOOOOOOOOOO.ooOO.o00000(Lcom/pokeemu/client/oooO/OOoOOOOOOOOOOOOOOOOOOOOOOOOOOOOOOOOOOOOOOOOOOOOOOOOOOOOOOOOOOOOOOOOOOOOOOOOOOOOOOOOOOOOOOOOOOOOOOOOOOOOOOOOOOOOOOOOOOOOOOOOOOOOOOOOOOOOOOOOOOOOOOOOOOOOOOOOOOOOOOOOOOOOOOOOOOOOOOOOOOOOOOOOOOOOOOOOOOOOOOOOOOOOOOOOOOOOOOOOOOOOOOOOOOOOOOOOOOOOOOOOOOOOOOOOOOOOO/ooOO$Oo0;IIILde/matthiasmann/twl/textarea/TextAreaModel$ContainerElement;Ljava/lang/String;Z)Lcom/pokeemu/client/oooO/OOoOOOOOOOOOOOOOOOOOOOOOOOOOOOOOOOOOOOOOOOOOOOOOOOOOOOOOOOOOOOOOOOOOOOOOOOOOOOOOOOOOOOOOOOOOOOOOOOOOOOOOOOOOOOOOOOOOOOOOOOOOOOOOOOOOOOOOOOOOOOOOOOOOOOOOOOOOOOOOOOOOOOOOOOOOOOOOOOOOOOOOOOOOOOOOOOOOOOOOOOOOOOOOOOOOOOOOOOOOOOOOOOOOOOOOOOOOOOOOOOOOOOOOOOOOOOOO/ooOO$Ooo; (236 bytes) @ 0x02126748 [0x021265a0+0x1a8]
J 2538 C1 com.pokeemu.client.oooO.OOoOOOOOOOOOOOOOOOOOOOOOOOOOOOOOOOOOOOOOOOOOOOOOOOOOOOOOOOOOOOOOOOOOOOOOOOOOOOOOOOOOOOOOOOOOOOOOOOOOOOOOOOOOOOOOOOOOOOOOOOOOOOOOOOOOOOOOOOOOOOOOOOOOOOOOOOOOOOOOOOOOOOOOOOOOOOOOOOOOOOOOOOOOOOOOOOOOOOOOOOOOOOOOOOOOOOOOOOOOOOOOOOOOOOOOOOOOOOOOOOOOOOOOOOOOOOOO.ooOO.new(Lcom/pokeemu/client/oooO/OOoOOOOOOOOOOOOOOOOOOOOOOOOOOOOOOOOOOOOOOOOOOOOOOOOOOOOOOOOOOOOOOOOOOOOOOOOOOOOOOOOOOOOOOOOOOOOOOOOOOOOOOOOOOOOOOOOOOOOOOOOOOOOOOOOOOOOOOOOOOOOOOOOOOOOOOOOOOOOOOOOOOOOOOOOOOOOOOOOOOOOOOOOOOOOOOOOOOOOOOOOOOOOOOOOOOOOOOOOOOOOOOOOOOOOOOOOOOOOOOOOOOOOOOOOOOOOO/ooOO$Ooo;Lde/matthiasmann/twl/textarea/TextAreaModel$ContainerElement;)V (576 bytes) @ 0x021230c4 [0x021229e0+0x6e4]
J 2276 C1 com.pokeemu.client.oooO.OOoOOOOOOOOOOOOOOOOOOOOOOOOOOOOOOOOOOOOOOOOOOOOOOOOOOOOOOOOOOOOOOOOOOOOOOOOOOOOOOOOOOOOOOOOOOOOOOOOOOOOOOOOOOOOOOOOOOOOOOOOOOOOOOOOOOOOOOOOOOOOOOOOOOOOOOOOOOOOOOOOOOOOOOOOOOOOOOOOOOOOOOOOOOOOOOOOOOOOOOOOOOOOOOOOOOOOOOOOOOOOOOOOOOOOOOOOOOOOOOOOOOOOOOOOOOOOO.ooOO.o00000(Lcom/pokeemu/client/oooO/OOoOOOOOOOOOOOOOOOOOOOOOOOOOOOOOOOOOOOOOOOOOOOOOOOOOOOOOOOOOOOOOOOOOOOOOOOOOOOOOOOOOOOOOOOOOOOOOOOOOOOOOOOOOOOOOOOOOOOOOOOOOOOOOOOOOOOOOOOOOOOOOOOOOOOOOOOOOOOOOOOOOOOOOOOOOOOOOOOOOOOOOOOOOOOOOOOOOOOOOOOOOOOOOOOOOOOOOOOOOOOOOOOOOOOOOOOOOOOOOOOOOOOOOOOOOOOOO/ooOO$Ooo;Lde/matthiasmann/twl/textarea/TextAreaModel$Element;)V (267 bytes) @ 0x020c3bc4 [0x020c3600+0x5c4]
J 2206 C1 com.pokeemu.client.oooO.OOoOOOOOOOOOOOOOOOOOOOOOOOOOOOOOOOOOOOOOOOOOOOOOOOOOOOOOOOOOOOOOOOOOOOOOOOOOOOOOOOOOOOOOOOOOOOOOOOOOOOOOOOOOOOOOOOOOOOOOOOOOOOOOOOOOOOOOOOOOOOOOOOOOOOOOOOOOOOOOOOOOOOOOOOOOOOOOOOOOOOOOOOOOOOOOOOOOOOOOOOOOOOOOOOOOOOOOOOOOOOOOOOOOOOOOOOOOOOOOOOOOOOOOOOOOOOOO.ooOO.o00000(Lcom/pokeemu/client/oooO/OOoOOOOOOOOOOOOOOOOOOOOOOOOOOOOOOOOOOOOOOOOOOOOOOOOOOOOOOOOOOOOOOOOOOOOOOOOOOOOOOOOOOOOOOOOOOOOOOOOOOOOOOOOOOOOOOOOOOOOOOOOOOOOOOOOOOOOOOOOOOOOOOOOOOOOOOOOOOOOOOOOOOOOOOOOOOOOOOOOOOOOOOOOOOOOOOOOOOOOOOOOOOOOOOOOOOOOOOOOOOOOOOOOOOOOOOOOOOOOOOOOOOOOOOOOOOOOO/ooOO$Ooo;Ljava/lang/Iterable;)V (38 bytes) @ 0x020a8b80 [0x020a8b00+0x80]
J 2542 C1 com.pokeemu.client.oooO.OOoOOOOOOOOOOOOOOOOOOOOOOOOOOOOOOOOOOOOOOOOOOOOOOOOOOOOOOOOOOOOOOOOOOOOOOOOOOOOOOOOOOOOOOOOOOOOOOOOOOOOOOOOOOOOOOOOOOOOOOOOOOOOOOOOOOOOOOOOOOOOOOOOOOOOOOOOOOOOOOOOOOOOOOOOOOOOOOOOOOOOOOOOOOOOOOOOOOOOOOOOOOOOOOOOOOOOOOOOOOOOOOOOOOOOOOOOOOOOOOOOOOOOOOOOOOOOO.ooOO.o00000(Lcom/pokeemu/client/oooO/OOoOOOOOOOOOOOOOOOOOOOOOOOOOOOOOOOOOOOOOOOOOOOOOOOOOOOOOOOOOOOOOOOOOOOOOOOOOOOOOOOOOOOOOOOOOOOOOOOOOOOOOOOOOOOOOOOOOOOOOOOOOOOOOOOOOOOOOOOOOOOOOOOOOOOOOOOOOOOOOOOOOOOOOOOOOOOOOOOOOOOOOOOOOOOOOOOOOOOOOOOOOOOOOOOOOOOOOOOOOOOOOOOOOOOOOOOOOOOOOOOOOOOOOOOOOOOOO/ooOO$Oo0;IIILde/matthiasmann/twl/textarea/TextAreaModel$ContainerElement;Ljava/lang/String;Z)Lcom/pokeemu/client/oooO/OOoOOOOOOOOOOOOOOOOOOOOOOOOOOOOOOOOOOOOOOOOOOOOOOOOOOOOOOOOOOOOOOOOOOOOOOOOOOOOOOOOOOOOOOOOOOOOOOOOOOOOOOOOOOOOOOOOOOOOOOOOOOOOOOOOOOOOOOOOOOOOOOOOOOOOOOOOOOOOOOOOOOOOOOOOOOOOOOOOOOOOOOOOOOOOOOOOOOOOOOOOOOOOOOOOOOOOOOOOOOOOOOOOOOOOOOOOOOOOOOOOOOOOOOOOOOOOO/ooOO$Ooo; (236 bytes) @ 0x02126748 [0x021265a0+0x1a8]
J 2538 C1 com.pokeemu.client.oooO.OOoOOOOOOOOOOOOOOOOOOOOOOOOOOOOOOOOOOOOOOOOOOOOOOOOOOOOOOOOOOOOOOOOOOOOOOOOOOOOOOOOOOOOOOOOOOOOOOOOOOOOOOOOOOOOOOOOOOOOOOOOOOOOOOOOOOOOOOOOOOOOOOOOOOOOOOOOOOOOOOOOOOOOOOOOOOOOOOOOOOOOOOOOOOOOOOOOOOOOOOOOOOOOOOOOOOOOOOOOOOOOOOOOOOOOOOOOOOOOOOOOOOOOOOOOOOOOO.ooOO.new(Lcom/pokeemu/client/oooO/OOoOOOOOOOOOOOOOOOOOOOOOOOOOOOOOOOOOOOOOOOOOOOOOOOOOOOOOOOOOOOOOOOOOOOOOOOOOOOOOOOOOOOOOOOOOOOOOOOOOOOOOOOOOOOOOOOOOOOOOOOOOOOOOOOOOOOOOOOOOOOOOOOOOOOOOOOOOOOOOOOOOOOOOOOOOOOOOOOOOOOOOOOOOOOOOOOOOOOOOOOOOOOOOOOOOOOOOOOOOOOOOOOOOOOOOOOOOOOOOOOOOOOOOOOOOOOOO/ooOO$Ooo;Lde/matthiasmann/twl/textarea/TextAreaModel$ContainerElement;)V (576 bytes) @ 0x021230c4 [0x021229e0+0x6e4]
J 2276 C1 com.pokeemu.client.oooO.OOoOOOOOOOOOOOOOOOOOOOOOOOOOOOOOOOOOOOOOOOOOOOOOOOOOOOOOOOOOOOOOOOOOOOOOOOOOOOOOOOOOOOOOOOOOOOOOOOOOOOOOOOOOOOOOOOOOOOOOOOOOOOOOOOOOOOOOOOOOOOOOOOOOOOOOOOOOOOOOOOOOOOOOOOOOOOOOOOOOOOOOOOOOOOOOOOOOOOOOOOOOOOOOOOOOOOOOOOOOOOOOOOOOOOOOOOOOOOOOOOOOOOOOOOOOOOOO.ooOO.o00000(Lcom/pokeemu/client/oooO/OOoOOOOOOOOOOOOOOOOOOOOOOOOOOOOOOOOOOOOOOOOOOOOOOOOOOOOOOOOOOOOOOOOOOOOOOOOOOOOOOOOOOOOOOOOOOOOOOOOOOOOOOOOOOOOOOOOOOOOOOOOOOOOOOOOOOOOOOOOOOOOOOOOOOOOOOOOOOOOOOOOOOOOOOOOOOOOOOOOOOOOOOOOOOOOOOOOOOOOOOOOOOOOOOOOOOOOOOOOOOOOOOOOOOOOOOOOOOOOOOOOOOOOOOOOOOOOO/ooOO$Ooo;Lde/matthiasmann/twl/textarea/TextAreaModel$Element;)V (267 bytes) @ 0x020c3bc4 [0x020c3600+0x5c4]
J 2206 C1 com.pokeemu.client.oooO.OOoOOOOOOOOOOOOOOOOOOOOOOOOOOOOOOOOOOOOOOOOOOOOOOOOOOOOOOOOOOOOOOOOOOOOOOOOOOOOOOOOOOOOOOOOOOOOOOOOOOOOOOOOOOOOOOOOOOOOOOOOOOOOOOOOOOOOOOOOOOOOOOOOOOOOOOOOOOOOOOOOOOOOOOOOOOOOOOOOOOOOOOOOOOOOOOOOOOOOOOOOOOOOOOOOOOOOOOOOOOOOOOOOOOOOOOOOOOOOOOOOOOOOOOOOOOOOO.ooOO.o00000(Lcom/pokeemu/client/oooO/OOoOOOOOOOOOOOOOOOOOOOOOOOOOOOOOOOOOOOOOOOOOOOOOOOOOOOOOOOOOOOOOOOOOOOOOOOOOOOOOOOOOOOOOOOOOOOOOOOOOOOOOOOOOOOOOOOOOOOOOOOOOOOOOOOOOOOOOOOOOOOOOOOOOOOOOOOOOOOOOOOOOOOOOOOOOOOOOOOOOOOOOOOOOOOOOOOOOOOOOOOOOOOOOOOOOOOOOOOOOOOOOOOOOOOOOOOOOOOOOOOOOOOOOOOOOOOOO/ooOO$Ooo;Ljava/lang/Iterable;)V (38 bytes) @ 0x020a8b80 [0x020a8b00+0x80]
J 2632 C1 com.pokeemu.client.oooO.OOoOOOOOOOOOOOOOOOOOOOOOOOOOOOOOOOOOOOOOOOOOOOOOOOOOOOOOOOOOOOOOOOOOOOOOOOOOOOOOOOOOOOOOOOOOOOOOOOOOOOOOOOOOOOOOOOOOOOOOOOOOOOOOOOOOOOOOOOOOOOOOOOOOOOOOOOOOOOOOOOOOOOOOOOOOOOOOOOOOOOOOOOOOOOOOOOOOOOOOOOOOOOOOOOOOOOOOOOOOOOOOOOOOOOOOOOOOOOOOOOOOOOOOOOOOOOOO.ooOO.layout()V (286 bytes) @ 0x02157994 [0x021576d0+0x2c4]
J 1800 C1 de.matthiasmann.twl.Widget.validateLayout()V (59 bytes) @ 0x01fed250 [0x01fed210+0x40]
j  com.pokeemu.client.oooO.OOoOOOOOOOOOOOOOOOOOOOOOOOOOOOOOOOOOOOOOOOOOOOOOOOOOOOOOOOOOOOOOOOOOOOOOOOOOOOOOOOOOOOOOOOOOOOOOOOOOOOOOOOOOOOOOOOOOOOOOOOOOOOOOOOOOOOOOOOOOOOOOOOOOOOOOOOOOOOOOOOOOOOOOOOOOOOOOOOOOOOOOOOOOOOOOOOOOOOOOOOOOOOOOOOOOOOOOOOOOOOOOOOOOOOOOOOOOOOOOOOOOOOOOOOOOOOOO.ooOO.getPreferredInnerHeight()I+37
J 2213 C1 de.matthiasmann.twl.Widget.getPreferredHeight()I (44 bytes) @ 0x020abb5c [0x020abb20+0x3c]
j  de.matthiasmann.twl.ScrollPane.getPreferredInnerHeight()I+48
J 2213 C1 de.matthiasmann.twl.Widget.getPreferredHeight()I (44 bytes) @ 0x020abb5c [0x020abb20+0x3c]
J 2720 C1 de.matthiasmann.twl.DialogLayout$WidgetSpring.prepare()V (138 bytes) @ 0x0218a20c [0x0218a120+0xec]
J 2581 C1 de.matthiasmann.twl.DialogLayout.prepare()V (122 bytes) @ 0x021345fc [0x021343f0+0x20c]
j  de.matthiasmann.twl.DialogLayout.getMinWidth()I+8
j  de.matthiasmann.twl.ResizableFrame.getMinWidth()I+36
j  de.matthiasmann.twl.ResizableFrame.layout()V+1
J 1800 C1 de.matthiasmann.twl.Widget.validateLayout()V (59 bytes) @ 0x01fed250 [0x01fed210+0x40]
J 1800 C1 de.matthiasmann.twl.Widget.validateLayout()V (59 bytes) @ 0x01fed2c4 [0x01fed210+0xb4]
J 1800 C1 de.matthiasmann.twl.Widget.validateLayout()V (59 bytes) @ 0x01fed2c4 [0x01fed210+0xb4]
J 1800 C1 de.matthiasmann.twl.Widget.validateLayout()V (59 bytes) @ 0x01fed2c4 [0x01fed210+0xb4]
J 1808 C1 de.matthiasmann.twl.GUI.validateLayout()V (73 bytes) @ 0x01ff235c [0x01ff2300+0x5c]
J 1881 C1 de.matthiasmann.twl.GUI.update()V (41 bytes) @ 0x02025df0 [0x02025c60+0x190]
J 2709% C1 com.pokeemu.client.oooO.OoOOOOOOOOOOOOOOOOOOOOOOOOOOOOOOOOOOOOOOOOOOOOOOOOOOOOOOOOOOOOOOOOOOOOOOOOOOOOOOOOOOOOOOOOOOOOOOOOOOOOOOOOOOOOOOOOOOOOOOOOOOOOOOOOOOOOOOOOOOOOOOOOOOOOOOOOOOOOOOOOOOOOOOOOOOOOOOOOOOOOOOOOOOOOOOOOOOOOOOOOOOOOOOOOOOOOOOOOOOOOOOOOOOOOOOOOOOOOOOOOOOOOOOOOOOOOOO.ÒO0000()V (677 bytes) @ 0x0217b688 [0x0217a100+0x1588]
j  com.pokeemu.client.oooO.OoOOOOOOOOOOOOOOOOOOOOOOOOOOOOOOOOOOOOOOOOOOOOOOOOOOOOOOOOOOOOOOOOOOOOOOOOOOOOOOOOOOOOOOOOOOOOOOOOOOOOOOOOOOOOOOOOOOOOOOOOOOOOOOOOOOOOOOOOOOOOOOOOOOOOOOOOOOOOOOOOOOOOOOOOOOOOOOOOOOOOOOOOOOOOOOOOOOOOOOOOOOOOOOOOOOOOOOOOOOOOOOOOOOOOOOOOOOOOOOOOOOOOOOOOOOOOOO.int.super()V+5
j  com.pokeemu.client.Client.<init>()V+1091
j  com.pokeemu.client.Client.main([Ljava/lang/String;)V+439
v  ~StubRoutines::call_stub

---------------  P R O C E S S  ---------------

Java Threads: ( => current thread )
  0x17ad9800 JavaThread "Java Sound Sequencer" [_thread_blocked, id=2080, stack(0x07880000,0x078d0000)]
  0x17ad9000 JavaThread "PokeClient Packet Pool-1" [_thread_blocked, id=4820, stack(0x0a310000,0x0a360000)]
  0x17ad8c00 JavaThread "HighPriority ReadWrite Dispatcher" [_thread_in_native, id=5464, stack(0x0b4e0000,0x0b530000)]
  0x17ad8400 JavaThread "AcceptReadWrite Dispatcher" [_thread_in_native, id=4596, stack(0x0ef30000,0x0ef80000)]
  0x17ad7800 JavaThread "Thread-11" daemon [_thread_blocked, id=1860, stack(0x10ab0000,0x10b00000)]
  0x17ad7400 JavaThread "Thread-10" daemon [_thread_blocked, id=2064, stack(0x097b0000,0x09800000)]
  0x18bb0800 JavaThread "Java Sound Event Dispatcher" daemon [_thread_blocked, id=1128, stack(0x0ef90000,0x0efe0000)]
  0x0404d800 JavaThread "LWJGL Timer" daemon [_thread_blocked, id=4424, stack(0x089f0000,0x08a40000)]
  0x12ef4c00 JavaThread "Thread-6" daemon [_thread_in_native, id=5488, stack(0x0b560000,0x0b5b0000)]
  0x0477c400 JavaThread "ScheduledThreadPool-2" [_thread_blocked, id=3904, stack(0x05f10000,0x05f60000)]
  0x046eb000 JavaThread "ScheduledThreadPool-1" [_thread_blocked, id=3764, stack(0x01b10000,0x01b60000)]
  0x04062800 JavaThread "Java2D Disposer" daemon [_thread_blocked, id=5812, stack(0x04670000,0x046c0000)]
  0x0404e000 JavaThread "SleepFixer" daemon [_thread_blocked, id=1432, stack(0x03c60000,0x03cb0000)]
  0x01781400 JavaThread "Service Thread" daemon [_thread_blocked, id=4088, stack(0x03ed0000,0x03f20000)]
  0x01770800 JavaThread "C1 CompilerThread0" daemon [_thread_blocked, id=5784, stack(0x01920000,0x01970000)]
  0x0176f400 JavaThread "Attach Listener" daemon [_thread_blocked, id=6096, stack(0x03d40000,0x03d90000)]
  0x0176c400 JavaThread "Signal Dispatcher" daemon [_thread_blocked, id=3884, stack(0x01a90000,0x01ae0000)]
  0x01702c00 JavaThread "Finalizer" daemon [_thread_blocked, id=624, stack(0x03cb0000,0x03d00000)]
  0x016fd800 JavaThread "Reference Handler" daemon [_thread_blocked, id=4452, stack(0x01a20000,0x01a70000)]
=>0x0111c400 JavaThread "main" [_thread_in_native, id=3924, stack(0x01980000,0x019d0000)]

Other Threads:
  0x016fc000 VMThread [stack: 0x01b70000,0x01bc0000] [id=4148]
  0x0179a400 WatcherThread [stack: 0x03dd0000,0x03e20000] [id=5828]

VM state:not at safepoint (normal execution)

VM Mutex/Monitor currently owned by a thread: None

Heap
 def new generation   total 64064K, used 14126K [0x27200000, 0x2b780000, 0x2c750000)
  eden space 56960K,  20% used [0x27200000, 0x27d7c2b8, 0x2a9a0000)
  from space 7104K,  33% used [0x2b090000, 0x2b2df8e0, 0x2b780000)
  to   space 7104K,   0% used [0x2a9a0000, 0x2a9a0000, 0x2b090000)
 tenured generation   total 142240K, used 106608K [0x2c750000, 0x35238000, 0x37200000)
   the space 142240K,  74% used [0x2c750000, 0x32f6c2c8, 0x32f6c400, 0x35238000)
 compacting perm gen  total 12288K, used 9760K [0x37200000, 0x37e00000, 0x3b200000)
   the space 12288K,  79% used [0x37200000, 0x37b883a0, 0x37b88400, 0x37e00000)
    ro space 10240K,  42% used [0x3b200000, 0x3b634650, 0x3b634800, 0x3bc00000)
    rw space 12288K,  52% used [0x3bc00000, 0x3c24be40, 0x3c24c000, 0x3c800000)

Card table byte_map: [0x01860000,0x01910000] byte_map_base: 0x01727000

Polling page: 0x00480000

Code Cache  [0x01c20000, 0x02228000, 0x03c20000)
 total_blobs=3194 nmethods=2901 adapters=228 free_code_cache=26623Kb largest_free_block=27260416

Compilation events (10 events):
Event: 742.254 Thread 0x01770800 2929             de.matthiasmann.twl.Label::<init> (10 bytes)
Event: 742.254 Thread 0x01770800 nmethod 2929 0x0221f688 code [0x0221f790, 0x0221f87c]
Event: 742.255 Thread 0x01770800 2930             de.matthiasmann.twl.Label::<init> (12 bytes)
Event: 742.255 Thread 0x01770800 nmethod 2930 0x0221f908 code [0x0221fa10, 0x0221fafc]
Event: 760.455 Thread 0x01770800 2931             org.lwjgl.opengl.WindowsMouse::putMouseEventWithCoords (61 bytes)
Event: 760.455 Thread 0x01770800 nmethod 2931 0x0221fb88 code [0x0221fcf0, 0x0221fe84]
Event: 810.624 Thread 0x01770800 2932             com.pokeemu.client.oooO.OOoOOOOOOOOOOOOOOOOOOOOOOOOOOOOOOOOOOOOOOOOOOOOOOOOOOOOOOOOOOOOOOOOOOOOOOOOOOOOOOOOOOOOOOOOOOOOOOOOOOOOOOOOOOOOOOOOOOOOOOOOOOOOOOOOOOOOOOOOOOOOOOOOOOOOOOOOOOOOOOOOOOOOOOOOOOOOOOOOOOOOOOOOOOOOOOOOOOOOOOOOOOOOOOOOOOO
Event: 810.625 Thread 0x01770800 nmethod 2932 0x02220088 code [0x022201c0, 0x02220474]
Event: 810.639 Thread 0x01770800 2933             java.util.regex.Pattern$CharProperty::study (29 bytes)
Event: 810.640 Thread 0x01770800 nmethod 2933 0x022207c8 code [0x022208d0, 0x0222097c]

GC Heap History (10 events):
Event: 725.757 GC heap before
{Heap before GC invocations=58 (full 5):
 def new generation   total 64064K, used 57678K [0x27200000, 0x2b780000, 0x2c750000)
  eden space 56960K, 100% used [0x27200000, 0x2a9a0000, 0x2a9a0000)
  from space 7104K,  10% used [0x2a9a0000, 0x2aa53918, 0x2b090000)
  to   space 7104K,   0% used [0x2b090000, 0x2b090000, 0x2b780000)
 tenured generation   total 142240K, used 97951K [0x2c750000, 0x35238000, 0x37200000)
   the space 142240K,  68% used [0x2c750000, 0x326f7eb0, 0x326f8000, 0x35238000)
 compacting perm gen  total 12288K, used 9758K [0x37200000, 0x37e00000, 0x3b200000)
   the space 12288K,  79% used [0x37200000, 0x37b87b68, 0x37b87c00, 0x37e00000)
    ro space 10240K,  42% used [0x3b200000, 0x3b634650, 0x3b634800, 0x3bc00000)
    rw space 12288K,  52% used [0x3bc00000, 0x3c24be40, 0x3c24c000, 0x3c800000)
Event: 725.771 GC heap after
Heap after GC invocations=59 (full 5):
 def new generation   total 64064K, used 3821K [0x27200000, 0x2b780000, 0x2c750000)
  eden space 56960K,   0% used [0x27200000, 0x27200000, 0x2a9a0000)
  from space 7104K,  53% used [0x2b090000, 0x2b44b4e0, 0x2b780000)
  to   space 7104K,   0% used [0x2a9a0000, 0x2a9a0000, 0x2b090000)
 tenured generation   total 142240K, used 97951K [0x2c750000, 0x35238000, 0x37200000)
   the space 142240K,  68% used [0x2c750000, 0x326f7eb0, 0x326f8000, 0x35238000)
 compacting perm gen  total 12288K, used 9758K [0x37200000, 0x37e00000, 0x3b200000)
   the space 12288K,  79% used [0x37200000, 0x37b87b68, 0x37b87c00, 0x37e00000)
    ro space 10240K,  42% used [0x3b200000, 0x3b634650, 0x3b634800, 0x3bc00000)
    rw space 12288K,  52% used [0x3bc00000, 0x3c24be40, 0x3c24c000, 0x3c800000)
}
Event: 741.797 GC heap before
{Heap before GC invocations=59 (full 5):
 def new generation   total 64064K, used 60781K [0x27200000, 0x2b780000, 0x2c750000)
  eden space 56960K, 100% used [0x27200000, 0x2a9a0000, 0x2a9a0000)
  from space 7104K,  53% used [0x2b090000, 0x2b44b4e0, 0x2b780000)
  to   space 7104K,   0% used [0x2a9a0000, 0x2a9a0000, 0x2b090000)
 tenured generation   total 142240K, used 97951K [0x2c750000, 0x35238000, 0x37200000)
   the space 142240K,  68% used [0x2c750000, 0x326f7eb0, 0x326f8000, 0x35238000)
 compacting perm gen  total 12288K, used 9759K [0x37200000, 0x37e00000, 0x3b200000)
   the space 12288K,  79% used [0x37200000, 0x37b87f30, 0x37b88000, 0x37e00000)
    ro space 10240K,  42% used [0x3b200000, 0x3b634650, 0x3b634800, 0x3bc00000)
    rw space 12288K,  52% used [0x3bc00000, 0x3c24be40, 0x3c24c000, 0x3c800000)
Event: 741.827 GC heap after
Heap after GC invocations=60 (full 5):
 def new generation   total 64064K, used 7104K [0x27200000, 0x2b780000, 0x2c750000)
  eden space 56960K,   0% used [0x27200000, 0x27200000, 0x2a9a0000)
  from space 7104K, 100% used [0x2a9a0000, 0x2b090000, 0x2b090000)
  to   space 7104K,   0% used [0x2b090000, 0x2b090000, 0x2b780000)
 tenured generation   total 142240K, used 100026K [0x2c750000, 0x35238000, 0x37200000)
   the space 142240K,  70% used [0x2c750000, 0x328feb40, 0x328fec00, 0x35238000)
 compacting perm gen  total 12288K, used 9759K [0x37200000, 0x37e00000, 0x3b200000)
   the space 12288K,  79% used [0x37200000, 0x37b87f30, 0x37b88000, 0x37e00000)
    ro space 10240K,  42% used [0x3b200000, 0x3b634650, 0x3b634800, 0x3bc00000)
    rw space 12288K,  52% used [0x3bc00000, 0x3c24be40, 0x3c24c000, 0x3c800000)
}
Event: 774.250 GC heap before
{Heap before GC invocations=60 (full 5):
 def new generation   total 64064K, used 64064K [0x27200000, 0x2b780000, 0x2c750000)
  eden space 56960K, 100% used [0x27200000, 0x2a9a0000, 0x2a9a0000)
  from space 7104K, 100% used [0x2a9a0000, 0x2b090000, 0x2b090000)
  to   space 7104K,   0% used [0x2b090000, 0x2b090000, 0x2b780000)
 tenured generation   total 142240K, used 100026K [0x2c750000, 0x35238000, 0x37200000)
   the space 142240K,  70% used [0x2c750000, 0x328feb40, 0x328fec00, 0x35238000)
 compacting perm gen  total 12288K, used 9759K [0x37200000, 0x37e00000, 0x3b200000)
   the space 12288K,  79% used [0x37200000, 0x37b87f50, 0x37b88000, 0x37e00000)
    ro space 10240K,  42% used [0x3b200000, 0x3b634650, 0x3b634800, 0x3bc00000)
    rw space 12288K,  52% used [0x3bc00000, 0x3c24be40, 0x3c24c000, 0x3c800000)
Event: 774.268 GC heap after
Heap after GC invocations=61 (full 5):
 def new generation   total 64064K, used 713K [0x27200000, 0x2b780000, 0x2c750000)
  eden space 56960K,   0% used [0x27200000, 0x27200000, 0x2a9a0000)
  from space 7104K,  10% used [0x2b090000, 0x2b142710, 0x2b780000)
  to   space 7104K,   0% used [0x2a9a0000, 0x2a9a0000, 0x2b090000)
 tenured generation   total 142240K, used 106608K [0x2c750000, 0x35238000, 0x37200000)
   the space 142240K,  74% used [0x2c750000, 0x32f6c2c8, 0x32f6c400, 0x35238000)
 compacting perm gen  total 12288K, used 9759K [0x37200000, 0x37e00000, 0x3b200000)
   the space 12288K,  79% used [0x37200000, 0x37b87f50, 0x37b88000, 0x37e00000)
    ro space 10240K,  42% used [0x3b200000, 0x3b634650, 0x3b634800, 0x3bc00000)
    rw space 12288K,  52% used [0x3bc00000, 0x3c24be40, 0x3c24c000, 0x3c800000)
}
Event: 803.231 GC heap before
{Heap before GC invocations=61 (full 5):
 def new generation   total 64064K, used 57673K [0x27200000, 0x2b780000, 0x2c750000)
  eden space 56960K, 100% used [0x27200000, 0x2a9a0000, 0x2a9a0000)
  from space 7104K,  10% used [0x2b090000, 0x2b142710, 0x2b780000)
  to   space 7104K,   0% used [0x2a9a0000, 0x2a9a0000, 0x2b090000)
 tenured generation   total 142240K, used 106608K [0x2c750000, 0x35238000, 0x37200000)
   the space 142240K,  74% used [0x2c750000, 0x32f6c2c8, 0x32f6c400, 0x35238000)
 compacting perm gen  total 12288K, used 9759K [0x37200000, 0x37e00000, 0x3b200000)
   the space 12288K,  79% used [0x37200000, 0x37b87f50, 0x37b88000, 0x37e00000)
    ro space 10240K,  42% used [0x3b200000, 0x3b634650, 0x3b634800, 0x3bc00000)
    rw space 12288K,  52% used [0x3bc00000, 0x3c24be40, 0x3c24c000, 0x3c800000)
Event: 803.235 GC heap after
Heap after GC invocations=62 (full 5):
 def new generation   total 64064K, used 801K [0x27200000, 0x2b780000, 0x2c750000)
  eden space 56960K,   0% used [0x27200000, 0x27200000, 0x2a9a0000)
  from space 7104K,  11% used [0x2a9a0000, 0x2aa684a0, 0x2b090000)
  to   space 7104K,   0% used [0x2b090000, 0x2b090000, 0x2b780000)
 tenured generation   total 142240K, used 106608K [0x2c750000, 0x35238000, 0x37200000)
   the space 142240K,  74% used [0x2c750000, 0x32f6c2c8, 0x32f6c400, 0x35238000)
 compacting perm gen  total 12288K, used 9759K [0x37200000, 0x37e00000, 0x3b200000)
   the space 12288K,  79% used [0x37200000, 0x37b87f50, 0x37b88000, 0x37e00000)
    ro space 10240K,  42% used [0x3b200000, 0x3b634650, 0x3b634800, 0x3bc00000)
    rw space 12288K,  52% used [0x3bc00000, 0x3c24be40, 0x3c24c000, 0x3c800000)
}
Event: 825.682 GC heap before
{Heap before GC invocations=62 (full 5):
 def new generation   total 64064K, used 57761K [0x27200000, 0x2b780000, 0x2c750000)
  eden space 56960K, 100% used [0x27200000, 0x2a9a0000, 0x2a9a0000)
  from space 7104K,  11% used [0x2a9a0000, 0x2aa684a0, 0x2b090000)
  to   space 7104K,   0% used [0x2b090000, 0x2b090000, 0x2b780000)
 tenured generation   total 142240K, used 106608K [0x2c750000, 0x35238000, 0x37200000)
   the space 142240K,  74% used [0x2c750000, 0x32f6c2c8, 0x32f6c400, 0x35238000)
 compacting perm gen  total 12288K, used 9760K [0x37200000, 0x37e00000, 0x3b200000)
   the space 12288K,  79% used [0x37200000, 0x37b883a0, 0x37b88400, 0x37e00000)
    ro space 10240K,  42% used [0x3b200000, 0x3b634650, 0x3b634800, 0x3bc00000)
    rw space 12288K,  52% used [0x3bc00000, 0x3c24be40, 0x3c24c000, 0x3c800000)
Event: 825.692 GC heap after
Heap after GC invocations=63 (full 5):
 def new generation   total 64064K, used 2366K [0x27200000, 0x2b780000, 0x2c750000)
  eden space 56960K,   0% used [0x27200000, 0x27200000, 0x2a9a0000)
  from space 7104K,  33% used [0x2b090000, 0x2b2df8e0, 0x2b780000)
  to   space 7104K,   0% used [0x2a9a0000, 0x2a9a0000, 0x2b090000)
 tenured generation   total 142240K, used 106608K [0x2c750000, 0x35238000, 0x37200000)
   the space 142240K,  74% used [0x2c750000, 0x32f6c2c8, 0x32f6c400, 0x35238000)
 compacting perm gen  total 12288K, used 9760K [0x37200000, 0x37e00000, 0x3b200000)
   the space 12288K,  79% used [0x37200000, 0x37b883a0, 0x37b88400, 0x37e00000)
    ro space 10240K,  42% used [0x3b200000, 0x3b634650, 0x3b634800, 0x3bc00000)
    rw space 12288K,  52% used [0x3bc00000, 0x3c24be40, 0x3c24c000, 0x3c800000)
}

Deoptimization events (0 events):
No events

Internal exceptions (10 events):
Event: 813.638 Thread 0x04933400 Threw 0x28d2b680 at C:\re\jdk7u65\1320\hotspot\src\share\vm\prims\jni.cpp:717
Event: 813.638 Thread 0x04933400 Threw 0x28d2b7e8 at C:\re\jdk7u65\1320\hotspot\src\share\vm\prims\jni.cpp:717
Event: 813.638 Thread 0x04933400 Threw 0x28d2bca0 at C:\re\jdk7u65\1320\hotspot\src\share\vm\prims\jni.cpp:717
Event: 813.638 Thread 0x04933400 Threw 0x28d2be38 at C:\re\jdk7u65\1320\hotspot\src\share\vm\prims\jni.cpp:717
Event: 813.638 Thread 0x04933400 Threw 0x28d2bfa0 at C:\re\jdk7u65\1320\hotspot\src\share\vm\prims\jni.cpp:717
Event: 813.638 Thread 0x04933400 Threw 0x28d2c400 at C:\re\jdk7u65\1320\hotspot\src\share\vm\prims\jni.cpp:717
Event: 813.638 Thread 0x04933400 Threw 0x28d2c598 at C:\re\jdk7u65\1320\hotspot\src\share\vm\prims\jni.cpp:717
Event: 813.638 Thread 0x04933400 Threw 0x28d2c700 at C:\re\jdk7u65\1320\hotspot\src\share\vm\prims\jni.cpp:717
Event: 828.556 Thread 0x0111c400 Threw 0x27c3ccd8 at C:\re\jdk7u65\1320\hotspot\src\share\vm\prims\jni.cpp:717
Event: 828.556 Thread 0x0111c400 Threw 0x27c3cf38 at C:\re\jdk7u65\1320\hotspot\src\share\vm\prims\jni.cpp:717

Events (10 events):
Event: 825.682 Executing VM operation: GenCollectForAllocation
Event: 825.692 Executing VM operation: GenCollectForAllocation done
Event: 825.692 Executing VM operation: RevokeBias
Event: 825.693 Executing VM operation: RevokeBias done
Event: 825.693 Executing VM operation: RevokeBias
Event: 825.693 Executing VM operation: RevokeBias done
Event: 828.555 Executing VM operation: RevokeBias
Event: 828.556 Executing VM operation: RevokeBias done
Event: 828.556 Executing VM operation: RevokeBias
Event: 828.556 Executing VM operation: RevokeBias done


Dynamic libraries:
0x00300000 - 0x0032f000 	C:\Program Files\Java\jre7\bin\javaw.exe
0x77b60000 - 0x77c9c000 	C:\Windows\SYSTEM32\ntdll.dll
0x76200000 - 0x762d4000 	C:\Windows\system32\kernel32.dll
0x75ec0000 - 0x75f0b000 	C:\Windows\system32\KERNELBASE.dll
0x77cc0000 - 0x77d60000 	C:\Windows\system32\ADVAPI32.dll
0x76150000 - 0x761fc000 	C:\Windows\system32\msvcrt.dll
0x77d70000 - 0x77d89000 	C:\Windows\SYSTEM32\sechost.dll
0x76470000 - 0x76512000 	C:\Windows\system32\RPCRT4.dll
0x776d0000 - 0x77799000 	C:\Windows\system32\USER32.dll
0x762e0000 - 0x7632e000 	C:\Windows\system32\GDI32.dll
0x77d60000 - 0x77d6a000 	C:\Windows\system32\LPK.dll
0x75f10000 - 0x75fad000 	C:\Windows\system32\USP10.dll
0x74770000 - 0x7490e000 	C:\Windows\WinSxS\x86_microsoft.windows.common-controls_6595b64144ccf1df_6.0.7601.17514_none_41e6975e2bd6f2b2\COMCTL32.dll
0x77670000 - 0x776c7000 	C:\Windows\system32\SHLWAPI.dll
0x77ca0000 - 0x77cbf000 	C:\Windows\system32\IMM32.DLL
0x76390000 - 0x7645c000 	C:\Windows\system32\MSCTF.dll
0x75b70000 - 0x75ba6000 	c:\windows\system32\nvinit.dll
0x0f000000 - 0x0f006000 	C:\Program Files\NVIDIA Corporation\CoProcManager\_etoured.dll
0x73950000 - 0x7399c000 	C:\Program Files\NVIDIA Corporation\CoProcManager\nvd3d9wrap.dll
0x76820000 - 0x769bd000 	C:\Windows\system32\SETUPAPI.dll
0x75e40000 - 0x75e67000 	C:\Windows\system32\CFGMGR32.dll
0x76700000 - 0x7678f000 	C:\Windows\system32\OLEAUT32.dll
0x76560000 - 0x766bc000 	C:\Windows\system32\ole32.dll
0x75e70000 - 0x75e82000 	C:\Windows\system32\DEVOBJ.dll
0x732d0000 - 0x73303000 	C:\Program Files\NVIDIA Corporation\CoProcManager\nvdxgiwrap.dll
0x5aaa0000 - 0x5ab5f000 	C:\Program Files\Java\jre7\bin\msvcr100.dll
0x50ec0000 - 0x51248000 	C:\Program Files\Java\jre7\bin\client\jvm.dll
0x5b6f0000 - 0x5b6f7000 	C:\Windows\system32\WSOCK32.dll
0x766c0000 - 0x766f5000 	C:\Windows\system32\WS2_32.dll
0x76380000 - 0x76386000 	C:\Windows\system32\NSI.dll
0x735a0000 - 0x735d2000 	C:\Windows\system32\WINMM.dll
0x76460000 - 0x76465000 	C:\Windows\system32\PSAPI.DLL
0x72ac0000 - 0x72acc000 	C:\Program Files\Java\jre7\bin\verify.dll
0x6c970000 - 0x6c990000 	C:\Program Files\Java\jre7\bin\java.dll
0x721e0000 - 0x721f3000 	C:\Program Files\Java\jre7\bin\zip.dll
0x6c950000 - 0x6c964000 	C:\Program Files\Java\jre7\bin\net.dll
0x755d0000 - 0x7560c000 	C:\Windows\system32\mswsock.dll
0x755c0000 - 0x755c6000 	C:\Windows\System32\wship6.dll
0x73c20000 - 0x73c2f000 	C:\Program Files\Java\jre7\bin\nio.dll
0x57c40000 - 0x57d83000 	C:\Program Files\Java\jre7\bin\awt.dll
0x74400000 - 0x74413000 	C:\Windows\system32\DWMAPI.DLL
0x72ab0000 - 0x72aba000 	C:\Program Files\Java\jre7\bin\management.dll
0x10000000 - 0x1004c000 	C:\Users\Fernando\Downloads\lib\native\windows\lwjgl.dll
0x5a2b0000 - 0x5a378000 	C:\Windows\system32\OPENGL32.dll
0x61a00000 - 0x61a22000 	C:\Windows\system32\GLU32.dll
0x6a280000 - 0x6a367000 	C:\Windows\system32\DDRAW.dll
0x69e50000 - 0x69e56000 	C:\Windows\system32\DCIMAN32.dll
0x75050000 - 0x75059000 	C:\Windows\system32\VERSION.dll
0x746f0000 - 0x74730000 	C:\Windows\system32\uxtheme.dll
0x04bc0000 - 0x0589b000 	C:\Windows\system32\ig4icd32.dll
0x75af0000 - 0x75afc000 	C:\Windows\system32\CRYPTBASE.dll
0x735e0000 - 0x73659000 	C:\Windows\system32\mscms.dll
0x751c0000 - 0x751d7000 	C:\Windows\system32\USERENV.dll
0x75bb0000 - 0x75bbb000 	C:\Windows\system32\profapi.dll
0x5f1c0000 - 0x5f1f8000 	C:\Windows\system32\icm32.dll
0x01180000 - 0x01187000 	C:\Windows\System32\DGL\HelperKbs.dll
0x64da0000 - 0x64dc0000 	C:\Program Files\Java\jre7\bin\sunec.dll
0x6cb00000 - 0x6cb09000 	C:\Program Files\Java\jre7\bin\sunmscapi.dll
0x75c60000 - 0x75d80000 	C:\Windows\system32\CRYPT32.dll
0x75c20000 - 0x75c2c000 	C:\Windows\system32\MSASN1.dll
0x75610000 - 0x75626000 	C:\Windows\system32\CRYPTSP.dll
0x753b0000 - 0x753eb000 	C:\Windows\system32\rsaenh.dll
0x73cb0000 - 0x73ccc000 	C:\Windows\system32\IPHLPAPI.DLL
0x73ca0000 - 0x73ca7000 	C:\Windows\system32\WINNSI.DLL
0x72ea0000 - 0x72eb2000 	C:\Windows\system32\dhcpcsvc.DLL
0x72e90000 - 0x72e9d000 	C:\Windows\system32\dhcpcsvc6.DLL
0x74260000 - 0x74270000 	C:\Windows\system32\NLAapi.dll
0x71e60000 - 0x71e70000 	C:\Windows\system32\napinsp.dll
0x71e40000 - 0x71e52000 	C:\Windows\system32\pnrpnsp.dll
0x75490000 - 0x754d4000 	C:\Windows\system32\DNSAPI.dll
0x71e30000 - 0x71e38000 	C:\Windows\System32\winrnr.dll
0x750e0000 - 0x750e5000 	C:\Windows\System32\wshtcpip.dll
0x6caf0000 - 0x6caf6000 	C:\Windows\system32\rasadhlp.dll
0x73a00000 - 0x73a38000 	C:\Windows\System32\fwpuclnt.dll
0x5de80000 - 0x5dead000 	C:\Program Files\Java\jre7\bin\kcms.dll
0x01a70000 - 0x01a83000 	C:\Users\Fernando\Downloads\lib\native\windows\jinput-dx8.dll
0x5b5d0000 - 0x5b600000 	C:\Windows\system32\DINPUT8.dll
0x74420000 - 0x74429000 	C:\Windows\system32\HID.DLL
0x75c30000 - 0x75c5e000 	C:\Windows\system32\WINTRUST.dll
0x01af0000 - 0x01b02000 	C:\Users\Fernando\Downloads\lib\native\windows\jinput-raw.dll
0x69d20000 - 0x69d2a000 	C:\Program Files\Java\jre7\bin\jsound.dll
0x69d30000 - 0x69d39000 	C:\Program Files\Java\jre7\bin\jsoundds.dll
0x5aba0000 - 0x5ac12000 	C:\Windows\system32\DSOUND.dll
0x74e30000 - 0x74e55000 	C:\Windows\system32\POWRPROF.dll
0x74df0000 - 0x74e29000 	C:\Windows\system32\MMDevAPI.DLL
0x74cf0000 - 0x74de5000 	C:\Windows\system32\PROPSYS.dll
0x67360000 - 0x67390000 	C:\Windows\system32\wdmaud.drv
0x67350000 - 0x67354000 	C:\Windows\system32\ksuser.dll
0x74ce0000 - 0x74ce7000 	C:\Windows\system32\AVRT.dll
0x6ed30000 - 0x6ed66000 	C:\Windows\system32\AUDIOSES.DLL
0x67130000 - 0x67138000 	C:\Windows\system32\msacm32.drv
0x67110000 - 0x67124000 	C:\Windows\system32\MSACM32.dll
0x67100000 - 0x67107000 	C:\Windows\system32\midimap.dll
0x76790000 - 0x76813000 	C:\Windows\system32\CLBCatQ.DLL
0x07b20000 - 0x07b78000 	C:\Program Files\Elantech\ETDApix.dll
0x71370000 - 0x713c1000 	C:\Windows\system32\WINSPOOL.DRV
0x769c0000 - 0x7760a000 	C:\Windows\system32\SHELL32.dll
0x57bb0000 - 0x57c3e000 	C:\Program Files\Java\jre7\bin\mlib_image.dll

VM Arguments:
jvm_args: -Dfile.encoding=UTF-8 
java_command: com.pokeemu.client.Client -ea
Launcher Type: SUN_STANDARD

Environment Variables:
PATH=C:\RailsInstaller\Ruby2.0.0\bin;C:\RailsInstaller\Git\cmd;C:\RailsInstaller\Ruby1.9.3\bin;C:\Program Files\NVIDIA Corporation\PhysX\Common;C:\Windows\system32;C:\Windows;C:\Windows\System32\Wbem;C:\Windows\System32\WindowsPowerShell\v1.0\;C:\Program Files\Java\jre7\bin
USERNAME=Fernando
OS=Windows_NT
PROCESSOR_IDENTIFIER=x86 Family 6 Model 37 Stepping 2, GenuineIntel



---------------  S Y S T E M  ---------------

OS: Windows 7 Build 7601 Service Pack 1

CPU:total 4 (2 cores per cpu, 2 threads per core) family 6 model 37 stepping 2, cmov, cx8, fxsr, mmx, sse, sse2, sse3, ssse3, sse4.1, sse4.2, popcnt, ht, tsc, tscinvbit

Memory: 4k page, physical 2798064k(666292k free), swap 5594376k(1485572k free)

vm_info: Java HotSpot(TM) Client VM (24.65-b04) for windows-x86 JRE (1.7.0_65-b20), built on Jul 11 2014 01:01:06 by "java_re" with unknown MS VC++:1600

time: Mon Jul 28 14:17:46 2014
elapsed time: 828 seconds

